[INFO:nn_hyperparameter_tuning.py: 45] multi_test(): Testing H10B100L0.05R0
[INFO:nn_hyperparameter_tuning.py: 14] single_test(): Single test for neural network with 6422 features, 10 hidden neurons, and 3 classes.
[INFO:nn_hyperparameter_tuning.py: 15] single_test(): 	Hyperparameters: lr = 0.05, reg = 0, batch_size = 100, max_epochs = 500
[INFO:neural_network.py: 65] __init__(): Initializing two layer neural network
[INFO:neural_network.py: 76] init_params(): Default initializing weights and biases
[INFO:neural_network.py:151] fit(): Fitting neural network with 6422 features to 3 classes with 0 regularization and 10 hidden nodes
[INFO:neural_network.py:169] fit(): Epoch 1 of 500
[INFO:neural_network.py:169] fit(): Epoch 2 of 500
[INFO:neural_network.py:169] fit(): Epoch 3 of 500
[INFO:neural_network.py:169] fit(): Epoch 4 of 500
[INFO:neural_network.py:169] fit(): Epoch 5 of 500
[INFO:neural_network.py:169] fit(): Epoch 6 of 500
[INFO:neural_network.py:169] fit(): Epoch 7 of 500
[INFO:neural_network.py:169] fit(): Epoch 8 of 500
[INFO:neural_network.py:169] fit(): Epoch 9 of 500
[INFO:neural_network.py:169] fit(): Epoch 10 of 500
[INFO:neural_network.py:169] fit(): Epoch 11 of 500
[INFO:neural_network.py:169] fit(): Epoch 12 of 500
[INFO:neural_network.py:169] fit(): Epoch 13 of 500
[INFO:neural_network.py:169] fit(): Epoch 14 of 500
[INFO:neural_network.py:169] fit(): Epoch 15 of 500
[INFO:neural_network.py:169] fit(): Epoch 16 of 500
[INFO:neural_network.py:169] fit(): Epoch 17 of 500
[INFO:neural_network.py:169] fit(): Epoch 18 of 500
[INFO:neural_network.py:169] fit(): Epoch 19 of 500
[INFO:neural_network.py:169] fit(): Epoch 20 of 500
[INFO:neural_network.py:169] fit(): Epoch 21 of 500
[INFO:neural_network.py:169] fit(): Epoch 22 of 500
[INFO:neural_network.py:169] fit(): Epoch 23 of 500
[INFO:neural_network.py:169] fit(): Epoch 24 of 500
[INFO:neural_network.py:169] fit(): Epoch 25 of 500
[INFO:neural_network.py:169] fit(): Epoch 26 of 500
[INFO:neural_network.py:169] fit(): Epoch 27 of 500
[INFO:neural_network.py:169] fit(): Epoch 28 of 500
[INFO:neural_network.py:169] fit(): Epoch 29 of 500
[INFO:neural_network.py:169] fit(): Epoch 30 of 500
[INFO:neural_network.py:169] fit(): Epoch 31 of 500
[INFO:neural_network.py:169] fit(): Epoch 32 of 500
[INFO:neural_network.py:169] fit(): Epoch 33 of 500
[INFO:neural_network.py:169] fit(): Epoch 34 of 500
[INFO:neural_network.py:169] fit(): Epoch 35 of 500
[INFO:neural_network.py:169] fit(): Epoch 36 of 500
[INFO:neural_network.py:169] fit(): Epoch 37 of 500
[INFO:neural_network.py:169] fit(): Epoch 38 of 500
[INFO:neural_network.py:169] fit(): Epoch 39 of 500
[INFO:neural_network.py:169] fit(): Epoch 40 of 500
[INFO:neural_network.py:169] fit(): Epoch 41 of 500
[INFO:neural_network.py:169] fit(): Epoch 42 of 500
[INFO:neural_network.py:169] fit(): Epoch 43 of 500
[INFO:neural_network.py:169] fit(): Epoch 44 of 500
[INFO:neural_network.py:169] fit(): Epoch 45 of 500
[INFO:neural_network.py:169] fit(): Epoch 46 of 500
[INFO:neural_network.py:169] fit(): Epoch 47 of 500
[INFO:neural_network.py:169] fit(): Epoch 48 of 500
[INFO:neural_network.py:169] fit(): Epoch 49 of 500
[INFO:neural_network.py:169] fit(): Epoch 50 of 500
[INFO:neural_network.py:169] fit(): Epoch 51 of 500
[INFO:neural_network.py:169] fit(): Epoch 52 of 500
[INFO:neural_network.py:169] fit(): Epoch 53 of 500
[INFO:neural_network.py:169] fit(): Epoch 54 of 500
[INFO:neural_network.py:169] fit(): Epoch 55 of 500
[INFO:neural_network.py:169] fit(): Epoch 56 of 500
[INFO:neural_network.py:169] fit(): Epoch 57 of 500
[INFO:neural_network.py:169] fit(): Epoch 58 of 500
[INFO:neural_network.py:169] fit(): Epoch 59 of 500
[INFO:neural_network.py:169] fit(): Epoch 60 of 500
[INFO:neural_network.py:169] fit(): Epoch 61 of 500
[INFO:neural_network.py:169] fit(): Epoch 62 of 500
[INFO:neural_network.py:169] fit(): Epoch 63 of 500
[INFO:neural_network.py:169] fit(): Epoch 64 of 500
[INFO:neural_network.py:169] fit(): Epoch 65 of 500
[INFO:neural_network.py:169] fit(): Epoch 66 of 500
[INFO:neural_network.py:169] fit(): Epoch 67 of 500
[INFO:neural_network.py:169] fit(): Epoch 68 of 500
[INFO:neural_network.py:169] fit(): Epoch 69 of 500
[INFO:neural_network.py:169] fit(): Epoch 70 of 500
[INFO:neural_network.py:169] fit(): Epoch 71 of 500
[INFO:neural_network.py:169] fit(): Epoch 72 of 500
[INFO:neural_network.py:169] fit(): Epoch 73 of 500
[INFO:neural_network.py:169] fit(): Epoch 74 of 500
[INFO:neural_network.py:169] fit(): Epoch 75 of 500
[INFO:neural_network.py:169] fit(): Epoch 76 of 500
[INFO:neural_network.py:169] fit(): Epoch 77 of 500
[INFO:neural_network.py:169] fit(): Epoch 78 of 500
[INFO:neural_network.py:169] fit(): Epoch 79 of 500
[INFO:neural_network.py:169] fit(): Epoch 80 of 500
[INFO:neural_network.py:169] fit(): Epoch 81 of 500
[INFO:neural_network.py:169] fit(): Epoch 82 of 500
[INFO:neural_network.py:169] fit(): Epoch 83 of 500
[INFO:neural_network.py:169] fit(): Epoch 84 of 500
[INFO:neural_network.py:169] fit(): Epoch 85 of 500
[INFO:neural_network.py:169] fit(): Epoch 86 of 500
[INFO:neural_network.py:169] fit(): Epoch 87 of 500
[INFO:neural_network.py:169] fit(): Epoch 88 of 500
[INFO:neural_network.py:169] fit(): Epoch 89 of 500
[INFO:neural_network.py:169] fit(): Epoch 90 of 500
[INFO:neural_network.py:169] fit(): Epoch 91 of 500
[INFO:neural_network.py:169] fit(): Epoch 92 of 500
[INFO:neural_network.py:169] fit(): Epoch 93 of 500
[INFO:neural_network.py:169] fit(): Epoch 94 of 500
[INFO:neural_network.py:169] fit(): Epoch 95 of 500
[INFO:neural_network.py:169] fit(): Epoch 96 of 500
[INFO:neural_network.py:169] fit(): Epoch 97 of 500
[INFO:neural_network.py:169] fit(): Epoch 98 of 500
[INFO:neural_network.py:169] fit(): Epoch 99 of 500
[INFO:neural_network.py:169] fit(): Epoch 100 of 500
[INFO:neural_network.py:169] fit(): Epoch 101 of 500
[INFO:neural_network.py:169] fit(): Epoch 102 of 500
[INFO:neural_network.py:169] fit(): Epoch 103 of 500
[INFO:neural_network.py:169] fit(): Epoch 104 of 500
[INFO:neural_network.py:169] fit(): Epoch 105 of 500
[INFO:neural_network.py:169] fit(): Epoch 106 of 500
[INFO:neural_network.py:169] fit(): Epoch 107 of 500
[INFO:neural_network.py:169] fit(): Epoch 108 of 500
[INFO:neural_network.py:169] fit(): Epoch 109 of 500
[INFO:neural_network.py:169] fit(): Epoch 110 of 500
[INFO:neural_network.py:169] fit(): Epoch 111 of 500
[INFO:neural_network.py:169] fit(): Epoch 112 of 500
[INFO:neural_network.py:169] fit(): Epoch 113 of 500
[INFO:neural_network.py:169] fit(): Epoch 114 of 500
[INFO:neural_network.py:169] fit(): Epoch 115 of 500
[INFO:neural_network.py:169] fit(): Epoch 116 of 500
[INFO:neural_network.py:169] fit(): Epoch 117 of 500
[INFO:neural_network.py:169] fit(): Epoch 118 of 500
[INFO:neural_network.py:169] fit(): Epoch 119 of 500
[INFO:neural_network.py:169] fit(): Epoch 120 of 500
[INFO:neural_network.py:169] fit(): Epoch 121 of 500
[INFO:neural_network.py:169] fit(): Epoch 122 of 500
[INFO:neural_network.py:169] fit(): Epoch 123 of 500
[INFO:neural_network.py:169] fit(): Epoch 124 of 500
[INFO:neural_network.py:169] fit(): Epoch 125 of 500
[INFO:neural_network.py:169] fit(): Epoch 126 of 500
[INFO:neural_network.py:169] fit(): Epoch 127 of 500
[INFO:neural_network.py:169] fit(): Epoch 128 of 500
[INFO:neural_network.py:169] fit(): Epoch 129 of 500
[INFO:neural_network.py:169] fit(): Epoch 130 of 500
[INFO:neural_network.py:169] fit(): Epoch 131 of 500
[INFO:neural_network.py:169] fit(): Epoch 132 of 500
[INFO:neural_network.py:169] fit(): Epoch 133 of 500
[INFO:neural_network.py:169] fit(): Epoch 134 of 500
[INFO:neural_network.py:169] fit(): Epoch 135 of 500
[INFO:neural_network.py:169] fit(): Epoch 136 of 500
[INFO:neural_network.py:169] fit(): Epoch 137 of 500
[INFO:neural_network.py:169] fit(): Epoch 138 of 500
[INFO:neural_network.py:169] fit(): Epoch 139 of 500
[INFO:neural_network.py:169] fit(): Epoch 140 of 500
[INFO:neural_network.py:169] fit(): Epoch 141 of 500
[INFO:neural_network.py:169] fit(): Epoch 142 of 500
[INFO:neural_network.py:169] fit(): Epoch 143 of 500
[INFO:neural_network.py:169] fit(): Epoch 144 of 500
[INFO:neural_network.py:169] fit(): Epoch 145 of 500
[INFO:neural_network.py:169] fit(): Epoch 146 of 500
[INFO:neural_network.py:169] fit(): Epoch 147 of 500
[INFO:neural_network.py:169] fit(): Epoch 148 of 500
[INFO:neural_network.py:169] fit(): Epoch 149 of 500
[INFO:neural_network.py:169] fit(): Epoch 150 of 500
[INFO:neural_network.py:169] fit(): Epoch 151 of 500
[INFO:neural_network.py:169] fit(): Epoch 152 of 500
[INFO:neural_network.py:169] fit(): Epoch 153 of 500
[INFO:neural_network.py:169] fit(): Epoch 154 of 500
[INFO:neural_network.py:169] fit(): Epoch 155 of 500
[INFO:neural_network.py:169] fit(): Epoch 156 of 500
[INFO:neural_network.py:169] fit(): Epoch 157 of 500
[INFO:neural_network.py:169] fit(): Epoch 158 of 500
[INFO:neural_network.py:169] fit(): Epoch 159 of 500
[INFO:neural_network.py:169] fit(): Epoch 160 of 500
[INFO:neural_network.py:169] fit(): Epoch 161 of 500
[INFO:neural_network.py:169] fit(): Epoch 162 of 500
[INFO:neural_network.py:169] fit(): Epoch 163 of 500
[INFO:neural_network.py:169] fit(): Epoch 164 of 500
[INFO:neural_network.py:169] fit(): Epoch 165 of 500
[INFO:neural_network.py:169] fit(): Epoch 166 of 500
[INFO:neural_network.py:169] fit(): Epoch 167 of 500
[INFO:neural_network.py:169] fit(): Epoch 168 of 500
[INFO:neural_network.py:169] fit(): Epoch 169 of 500
[INFO:neural_network.py:169] fit(): Epoch 170 of 500
[INFO:neural_network.py:169] fit(): Epoch 171 of 500
[INFO:neural_network.py:169] fit(): Epoch 172 of 500
[INFO:neural_network.py:169] fit(): Epoch 173 of 500
[INFO:neural_network.py:169] fit(): Epoch 174 of 500
[INFO:neural_network.py:169] fit(): Epoch 175 of 500
[INFO:neural_network.py:169] fit(): Epoch 176 of 500
[INFO:neural_network.py:169] fit(): Epoch 177 of 500
[INFO:neural_network.py:169] fit(): Epoch 178 of 500
[INFO:neural_network.py:169] fit(): Epoch 179 of 500
[INFO:neural_network.py:169] fit(): Epoch 180 of 500
[INFO:neural_network.py:169] fit(): Epoch 181 of 500
[INFO:neural_network.py:169] fit(): Epoch 182 of 500
[INFO:neural_network.py:169] fit(): Epoch 183 of 500
[INFO:neural_network.py:169] fit(): Epoch 184 of 500
[INFO:neural_network.py:169] fit(): Epoch 185 of 500
[INFO:neural_network.py:169] fit(): Epoch 186 of 500
[INFO:neural_network.py:169] fit(): Epoch 187 of 500
[INFO:neural_network.py:169] fit(): Epoch 188 of 500
[INFO:neural_network.py:169] fit(): Epoch 189 of 500
[INFO:neural_network.py:169] fit(): Epoch 190 of 500
[INFO:neural_network.py:169] fit(): Epoch 191 of 500
[INFO:neural_network.py:169] fit(): Epoch 192 of 500
[INFO:neural_network.py:169] fit(): Epoch 193 of 500
[INFO:neural_network.py:169] fit(): Epoch 194 of 500
[INFO:neural_network.py:169] fit(): Epoch 195 of 500
[INFO:neural_network.py:169] fit(): Epoch 196 of 500
[INFO:neural_network.py:169] fit(): Epoch 197 of 500
[INFO:neural_network.py:169] fit(): Epoch 198 of 500
[INFO:neural_network.py:169] fit(): Epoch 199 of 500
[INFO:neural_network.py:169] fit(): Epoch 200 of 500
[INFO:neural_network.py:169] fit(): Epoch 201 of 500
[INFO:neural_network.py:169] fit(): Epoch 202 of 500
[INFO:neural_network.py:169] fit(): Epoch 203 of 500
[INFO:neural_network.py:169] fit(): Epoch 204 of 500
[INFO:neural_network.py:169] fit(): Epoch 205 of 500
[INFO:neural_network.py:169] fit(): Epoch 206 of 500
[INFO:neural_network.py:169] fit(): Epoch 207 of 500
[INFO:neural_network.py:169] fit(): Epoch 208 of 500
[INFO:neural_network.py:169] fit(): Epoch 209 of 500
[INFO:neural_network.py:169] fit(): Epoch 210 of 500
[INFO:neural_network.py:169] fit(): Epoch 211 of 500
[INFO:neural_network.py:169] fit(): Epoch 212 of 500
[INFO:neural_network.py:169] fit(): Epoch 213 of 500
[INFO:neural_network.py:169] fit(): Epoch 214 of 500
[INFO:neural_network.py:169] fit(): Epoch 215 of 500
[INFO:neural_network.py:169] fit(): Epoch 216 of 500
[INFO:neural_network.py:169] fit(): Epoch 217 of 500
[INFO:neural_network.py:169] fit(): Epoch 218 of 500
[INFO:neural_network.py:169] fit(): Epoch 219 of 500
[INFO:neural_network.py:169] fit(): Epoch 220 of 500
[INFO:neural_network.py:169] fit(): Epoch 221 of 500
[INFO:neural_network.py:169] fit(): Epoch 222 of 500
[INFO:neural_network.py:169] fit(): Epoch 223 of 500
[INFO:neural_network.py:169] fit(): Epoch 224 of 500
[INFO:neural_network.py:169] fit(): Epoch 225 of 500
[INFO:neural_network.py:169] fit(): Epoch 226 of 500
[INFO:neural_network.py:169] fit(): Epoch 227 of 500
[INFO:neural_network.py:169] fit(): Epoch 228 of 500
[INFO:neural_network.py:169] fit(): Epoch 229 of 500
[INFO:neural_network.py:169] fit(): Epoch 230 of 500
[INFO:neural_network.py:169] fit(): Epoch 231 of 500
[INFO:neural_network.py:169] fit(): Epoch 232 of 500
[INFO:neural_network.py:169] fit(): Epoch 233 of 500
[INFO:neural_network.py:169] fit(): Epoch 234 of 500
[INFO:neural_network.py:169] fit(): Epoch 235 of 500
[INFO:neural_network.py:169] fit(): Epoch 236 of 500
[INFO:neural_network.py:169] fit(): Epoch 237 of 500
[INFO:neural_network.py:169] fit(): Epoch 238 of 500
[INFO:neural_network.py:169] fit(): Epoch 239 of 500
[INFO:neural_network.py:169] fit(): Epoch 240 of 500
[INFO:neural_network.py:169] fit(): Epoch 241 of 500
[INFO:neural_network.py:169] fit(): Epoch 242 of 500
[INFO:neural_network.py:169] fit(): Epoch 243 of 500
[INFO:neural_network.py:169] fit(): Epoch 244 of 500
[INFO:neural_network.py:169] fit(): Epoch 245 of 500
[INFO:neural_network.py:169] fit(): Epoch 246 of 500
[INFO:neural_network.py:169] fit(): Epoch 247 of 500
[INFO:neural_network.py:169] fit(): Epoch 248 of 500
[INFO:neural_network.py:169] fit(): Epoch 249 of 500
[INFO:neural_network.py:169] fit(): Epoch 250 of 500
[INFO:neural_network.py:169] fit(): Epoch 251 of 500
[INFO:neural_network.py:169] fit(): Epoch 252 of 500
[INFO:neural_network.py:169] fit(): Epoch 253 of 500
[INFO:neural_network.py:169] fit(): Epoch 254 of 500
[INFO:neural_network.py:169] fit(): Epoch 255 of 500
[INFO:neural_network.py:169] fit(): Epoch 256 of 500
[INFO:neural_network.py:169] fit(): Epoch 257 of 500
[INFO:neural_network.py:169] fit(): Epoch 258 of 500
[INFO:neural_network.py:169] fit(): Epoch 259 of 500
[INFO:neural_network.py:169] fit(): Epoch 260 of 500
[INFO:neural_network.py:169] fit(): Epoch 261 of 500
[INFO:neural_network.py:169] fit(): Epoch 262 of 500
[INFO:neural_network.py:169] fit(): Epoch 263 of 500
[INFO:neural_network.py:169] fit(): Epoch 264 of 500
[INFO:neural_network.py:169] fit(): Epoch 265 of 500
[INFO:neural_network.py:169] fit(): Epoch 266 of 500
[INFO:neural_network.py:169] fit(): Epoch 267 of 500
[INFO:neural_network.py:169] fit(): Epoch 268 of 500
[INFO:neural_network.py:169] fit(): Epoch 269 of 500
[INFO:neural_network.py:169] fit(): Epoch 270 of 500
[INFO:neural_network.py:169] fit(): Epoch 271 of 500
[INFO:neural_network.py:169] fit(): Epoch 272 of 500
[INFO:neural_network.py:169] fit(): Epoch 273 of 500
[INFO:neural_network.py:169] fit(): Epoch 274 of 500
[INFO:neural_network.py:169] fit(): Epoch 275 of 500
[INFO:neural_network.py:169] fit(): Epoch 276 of 500
[INFO:neural_network.py:169] fit(): Epoch 277 of 500
[INFO:neural_network.py:169] fit(): Epoch 278 of 500
[INFO:neural_network.py:169] fit(): Epoch 279 of 500
[INFO:neural_network.py:169] fit(): Epoch 280 of 500
[INFO:neural_network.py:169] fit(): Epoch 281 of 500
[INFO:neural_network.py:169] fit(): Epoch 282 of 500
[INFO:neural_network.py:169] fit(): Epoch 283 of 500
[INFO:neural_network.py:169] fit(): Epoch 284 of 500
[INFO:neural_network.py:169] fit(): Epoch 285 of 500
[INFO:neural_network.py:169] fit(): Epoch 286 of 500
[INFO:neural_network.py:169] fit(): Epoch 287 of 500
[INFO:neural_network.py:169] fit(): Epoch 288 of 500
[INFO:neural_network.py:169] fit(): Epoch 289 of 500
[INFO:neural_network.py:169] fit(): Epoch 290 of 500
[INFO:neural_network.py:169] fit(): Epoch 291 of 500
[INFO:neural_network.py:169] fit(): Epoch 292 of 500
[INFO:neural_network.py:169] fit(): Epoch 293 of 500
[INFO:neural_network.py:169] fit(): Epoch 294 of 500
[INFO:neural_network.py:169] fit(): Epoch 295 of 500
[INFO:neural_network.py:169] fit(): Epoch 296 of 500
[INFO:neural_network.py:169] fit(): Epoch 297 of 500
[INFO:neural_network.py:169] fit(): Epoch 298 of 500
[INFO:neural_network.py:169] fit(): Epoch 299 of 500
[INFO:neural_network.py:169] fit(): Epoch 300 of 500
[INFO:neural_network.py:169] fit(): Epoch 301 of 500
[INFO:neural_network.py:169] fit(): Epoch 302 of 500
[INFO:neural_network.py:169] fit(): Epoch 303 of 500
[INFO:neural_network.py:169] fit(): Epoch 304 of 500
[INFO:neural_network.py:169] fit(): Epoch 305 of 500
[INFO:neural_network.py:169] fit(): Epoch 306 of 500
[INFO:neural_network.py:169] fit(): Epoch 307 of 500
[INFO:neural_network.py:169] fit(): Epoch 308 of 500
[INFO:neural_network.py:169] fit(): Epoch 309 of 500
[INFO:neural_network.py:169] fit(): Epoch 310 of 500
[INFO:neural_network.py:169] fit(): Epoch 311 of 500
[INFO:neural_network.py:169] fit(): Epoch 312 of 500
[INFO:neural_network.py:169] fit(): Epoch 313 of 500
[INFO:neural_network.py:169] fit(): Epoch 314 of 500
[INFO:neural_network.py:169] fit(): Epoch 315 of 500
[INFO:neural_network.py:169] fit(): Epoch 316 of 500
[INFO:neural_network.py:169] fit(): Epoch 317 of 500
[INFO:neural_network.py:169] fit(): Epoch 318 of 500
[INFO:neural_network.py:169] fit(): Epoch 319 of 500
[INFO:neural_network.py:169] fit(): Epoch 320 of 500
[INFO:neural_network.py:169] fit(): Epoch 321 of 500
[INFO:neural_network.py:169] fit(): Epoch 322 of 500
[INFO:neural_network.py:169] fit(): Epoch 323 of 500
[INFO:neural_network.py:169] fit(): Epoch 324 of 500
[INFO:neural_network.py:169] fit(): Epoch 325 of 500
[INFO:neural_network.py:169] fit(): Epoch 326 of 500
[INFO:neural_network.py:169] fit(): Epoch 327 of 500
[INFO:neural_network.py:169] fit(): Epoch 328 of 500
[INFO:neural_network.py:169] fit(): Epoch 329 of 500
[INFO:neural_network.py:169] fit(): Epoch 330 of 500
[INFO:neural_network.py:169] fit(): Epoch 331 of 500
[INFO:neural_network.py:169] fit(): Epoch 332 of 500
[INFO:neural_network.py:169] fit(): Epoch 333 of 500
[INFO:neural_network.py:169] fit(): Epoch 334 of 500
[INFO:neural_network.py:169] fit(): Epoch 335 of 500
[INFO:neural_network.py:169] fit(): Epoch 336 of 500
[INFO:neural_network.py:169] fit(): Epoch 337 of 500
[INFO:neural_network.py:169] fit(): Epoch 338 of 500
[INFO:neural_network.py:169] fit(): Epoch 339 of 500
[INFO:neural_network.py:169] fit(): Epoch 340 of 500
[INFO:neural_network.py:169] fit(): Epoch 341 of 500
[INFO:neural_network.py:169] fit(): Epoch 342 of 500
[INFO:neural_network.py:169] fit(): Epoch 343 of 500
[INFO:neural_network.py:169] fit(): Epoch 344 of 500
[INFO:neural_network.py:169] fit(): Epoch 345 of 500
[INFO:neural_network.py:169] fit(): Epoch 346 of 500
[INFO:neural_network.py:169] fit(): Epoch 347 of 500
[INFO:neural_network.py:169] fit(): Epoch 348 of 500
[INFO:neural_network.py:169] fit(): Epoch 349 of 500
[INFO:neural_network.py:169] fit(): Epoch 350 of 500
[INFO:neural_network.py:169] fit(): Epoch 351 of 500
[INFO:neural_network.py:169] fit(): Epoch 352 of 500
[INFO:neural_network.py:169] fit(): Epoch 353 of 500
[INFO:neural_network.py:169] fit(): Epoch 354 of 500
[INFO:neural_network.py:169] fit(): Epoch 355 of 500
[INFO:neural_network.py:169] fit(): Epoch 356 of 500
[INFO:neural_network.py:169] fit(): Epoch 357 of 500
[INFO:neural_network.py:169] fit(): Epoch 358 of 500
[INFO:neural_network.py:169] fit(): Epoch 359 of 500
[INFO:neural_network.py:169] fit(): Epoch 360 of 500
[INFO:neural_network.py:169] fit(): Epoch 361 of 500
[INFO:neural_network.py:169] fit(): Epoch 362 of 500
[INFO:neural_network.py:169] fit(): Epoch 363 of 500
[INFO:neural_network.py:169] fit(): Epoch 364 of 500
[INFO:neural_network.py:169] fit(): Epoch 365 of 500
[INFO:neural_network.py:169] fit(): Epoch 366 of 500
[INFO:neural_network.py:169] fit(): Epoch 367 of 500
[INFO:neural_network.py:169] fit(): Epoch 368 of 500
[INFO:neural_network.py:169] fit(): Epoch 369 of 500
[INFO:neural_network.py:169] fit(): Epoch 370 of 500
[INFO:neural_network.py:169] fit(): Epoch 371 of 500
[INFO:neural_network.py:169] fit(): Epoch 372 of 500
[INFO:neural_network.py:169] fit(): Epoch 373 of 500
[INFO:neural_network.py:169] fit(): Epoch 374 of 500
[INFO:neural_network.py:169] fit(): Epoch 375 of 500
[INFO:neural_network.py:169] fit(): Epoch 376 of 500
[INFO:neural_network.py:169] fit(): Epoch 377 of 500
[INFO:neural_network.py:169] fit(): Epoch 378 of 500
[INFO:neural_network.py:169] fit(): Epoch 379 of 500
[INFO:neural_network.py:169] fit(): Epoch 380 of 500
[INFO:neural_network.py:169] fit(): Epoch 381 of 500
[INFO:neural_network.py:169] fit(): Epoch 382 of 500
[INFO:neural_network.py:169] fit(): Epoch 383 of 500
[INFO:neural_network.py:169] fit(): Epoch 384 of 500
[INFO:neural_network.py:169] fit(): Epoch 385 of 500
[INFO:neural_network.py:169] fit(): Epoch 386 of 500
[INFO:neural_network.py:169] fit(): Epoch 387 of 500
[INFO:neural_network.py:169] fit(): Epoch 388 of 500
[INFO:neural_network.py:202] fit(): Training took 0.65 minutes, average 0.101259 sec / epoch
[INFO:neural_network.py:126] save(): Saving parameters to ./neural_network_files/H10B100L0_05R0/
